57: 119
14: 59
39: 52
31: 47
32: 45
37: 42
38: 37
28: 35
34: 35
30: 33
35: 28
25: 23
24: 22
33: 19
22: 16
19: 15
50: 13
20: 13
36: 11
103: 11
21: 11
96: 10
15: 10
52: 7
1: 7
10, 42: 7
23: 6
17: 6
51: 6
42, 50: 5
125: 5
18: 5
26: 5
15, 125: 5
49: 5
11, 42: 4
35, 42: 4
111: 4
29, 106: 4
16, 42: 4
4, 42: 3
40, 42: 3
21, 42: 3
41, 125: 3
106: 3
107: 3
23, 29: 3
47: 3
48: 3
34, 42: 2
38, 42: 2
58: 2
11: 2
30, 42: 2
79: 2
26, 42: 2
36, 42: 2
125: 2
55: 1
14, 42: 1
45: 1
24, 42: 1
20, 42: 1
8, 42: 1
19, 42: 1
2, 42: 1
12: 1
37, 125: 1
32, 42: 1
7: 1
3, 42: 1
29, 105: 1
2: 1
29, 52: 1
25, 42: 1
37, 42: 1
46: 1
42, 52: 1
80: 1
39, 42: 1
40: 1
5, 42: 1
